\BOOKMARK [1][-]{section.1}{Introduksjon}{}% 1
\BOOKMARK [1][-]{section.2}{Standarder}{}% 2
\BOOKMARK [2][-]{subsection.2.1}{HTML5}{section.2}% 3
\BOOKMARK [2][-]{subsection.2.2}{WebM}{section.2}% 4
\BOOKMARK [2][-]{subsection.2.3}{Underteksting}{section.2}% 5
\BOOKMARK [3][-]{subsubsection.2.3.1}{Timed Text Markup Language}{subsection.2.3}% 6
\BOOKMARK [3][-]{subsubsection.2.3.2}{Mozilla Drumbeat Universal Subtitles}{subsection.2.3}% 7
\BOOKMARK [2][-]{subsection.2.4}{Avspilling i 3.parts program}{section.2}% 8
\BOOKMARK [1][-]{section.3}{Biblioteker}{}% 9
\BOOKMARK [2][-]{subsection.3.1}{TTC}{section.3}% 10
\BOOKMARK [1][-]{section.4}{Verkt\370y}{}% 11
\BOOKMARK [2][-]{subsection.4.1}{VITAL}{section.4}% 12
\BOOKMARK [1][-]{section.5}{Publiseringsl\370sninger}{}% 13
\BOOKMARK [2][-]{subsection.5.1}{Kaltura}{section.5}% 14
\BOOKMARK [2][-]{subsection.5.2}{Mediamosa}{section.5}% 15
\BOOKMARK [1][-]{section.6}{Videoavspillere}{}% 16
\BOOKMARK [2][-]{subsection.6.1}{MediaFront}{section.6}% 17
\BOOKMARK [2][-]{subsection.6.2}{Kaltura}{section.6}% 18
\BOOKMARK [2][-]{subsection.6.3}{SublimeVideo}{section.6}% 19
\BOOKMARK [2][-]{subsection.6.4}{FlareVideo}{section.6}% 20
\BOOKMARK [2][-]{subsection.6.5}{}{section.6}% 21
\BOOKMARK [2][-]{subsection.6.6}{}{section.6}% 22
