\BOOKMARK [1][-]{section.1}{Introduksjon}{}% 1
\BOOKMARK [1][-]{section.2}{Standarder}{}% 2
\BOOKMARK [2][-]{subsection.2.1}{HTML5}{section.2}% 3
\BOOKMARK [2][-]{subsection.2.2}{WebM}{section.2}% 4
\BOOKMARK [2][-]{subsection.2.3}{Underteksting}{section.2}% 5
\BOOKMARK [3][-]{subsubsection.2.3.1}{Timed Text Markup Language}{subsection.2.3}% 6
\BOOKMARK [3][-]{subsubsection.2.3.2}{Mozilla Drumbeat Universal Subtitles}{subsection.2.3}% 7
\BOOKMARK [3][-]{subsubsection.2.3.3}{jQuery srt}{subsection.2.3}% 8
\BOOKMARK [2][-]{subsection.2.4}{Media Fragments URI}{section.2}% 9
\BOOKMARK [1][-]{section.3}{Biblioteker}{}% 10
\BOOKMARK [2][-]{subsection.3.1}{TTC}{section.3}% 11
\BOOKMARK [2][-]{subsection.3.2}{VITAL}{section.3}% 12
\BOOKMARK [1][-]{section.4}{Publiseringsl\370sninger}{}% 13
\BOOKMARK [2][-]{subsection.4.1}{Kaltura}{section.4}% 14
\BOOKMARK [2][-]{subsection.4.2}{MediaMosa}{section.4}% 15
\BOOKMARK [1][-]{section.5}{Videoavspillere}{}% 16
\BOOKMARK [2][-]{subsection.5.1}{Kaltura}{section.5}% 17
\BOOKMARK [2][-]{subsection.5.2}{Open Standard Media Player\(OSM\)}{section.5}% 18
\BOOKMARK [2][-]{subsection.5.3}{JW Player}{section.5}% 19
\BOOKMARK [2][-]{subsection.5.4}{Video for Everybody}{section.5}% 20
\BOOKMARK [1][-]{section.6}{Synkronisert video og grafikk}{}% 21
